[backblue.gif]
[fade.gif]
[index.html]
[cdn.jsdelivr.net/npm/swiper@9/swiper-bundle.min.css]
[cdn.jsdelivr.net/npm/bootstrap@5.3.0-alpha3/dist/css/bootstrap.min.css]
[demo.templatesjungle.com/uniclub/images/logo.png]
[demo.templatesjungle.com/uniclub/images/banner-img1.jpg]
[demo.templatesjungle.com/uniclub/images/item1.jpg]
[demo.templatesjungle.com/uniclub/images/item2.jpg]
[demo.templatesjungle.com/uniclub/images/item3.jpg]
[demo.templatesjungle.com/uniclub/images/item4.jpg]
[demo.templatesjungle.com/uniclub/images/category1.jpg]
[demo.templatesjungle.com/uniclub/images/category3.jpg]
[demo.templatesjungle.com/uniclub/images/category2.jpg]
[demo.templatesjungle.com/uniclub/images/background-img.jpg]
[demo.templatesjungle.com/uniclub/images/logo-dark.png]
[demo.templatesjungle.com/uniclub/js/jquery-1.11.0.min.js]
[cdn.jsdelivr.net/npm/swiper@9/swiper-bundle.min.js]
[cdn.jsdelivr.net/npm/bootstrap@5.3.0-alpha3/dist/js/bootstrap.bundle.min.js]
[demo.templatesjungle.com/uniclub/js/plugins.js]
[demo.templatesjungle.com/uniclub/js/script.js]
[demo.templatesjungle.com/uniclub/index.html]
[cdn.jsdelivr.net/npm/swiper@9/swiper-bundle.min.css]
[code.iconify.design/iconify-icon/1.0.7/iconify-icon.min.js]
[demo.templatesjungle.com/uniclub/icomoon/fonts/icomooncfce.eot]
[demo.templatesjungle.com/uniclub/icomoon/fonts/icomooncfce.ttf]
[demo.templatesjungle.com/uniclub/icomoon/fonts/icomooncfce.woff]
[demo.templatesjungle.com/uniclub/icomoon/icomoon.css]
[cdn.jsdelivr.net/npm/bootstrap@5.3.0-alpha3/dist/css/bootstrap.min.css]
[demo.templatesjungle.com/uniclub/images/chocolat/loader.gif]
[demo.templatesjungle.com/uniclub/images/chocolat/left.png]
[demo.templatesjungle.com/uniclub/images/chocolat/right.png]
[demo.templatesjungle.com/uniclub/images/chocolat/close.png]
[demo.templatesjungle.com/uniclub/images/chocolat/fullscreen.png]
[demo.templatesjungle.com/uniclub/css/vendor.css]
[demo.templatesjungle.com/uniclub/style.css]
[demo.templatesjungle.com/uniclub/index-2.html]
[demo.templatesjungle.com/uniclub/images/banner-img2.jpg]
[demo.templatesjungle.com/uniclub/about.html]
[demo.templatesjungle.com/uniclub/shop.html]
[demo.templatesjungle.com/uniclub/images/item-lg1.jpg]
[demo.templatesjungle.com/uniclub/images/item-lg2.jpg]
[demo.templatesjungle.com/uniclub/images/item-lg3.jpg]
[demo.templatesjungle.com/uniclub/images/item-lg4.jpg]
[demo.templatesjungle.com/uniclub/images/reviewer-1.jpg]
[demo.templatesjungle.com/uniclub/images/reviewer-2.jpg]
[demo.templatesjungle.com/uniclub/single-product.html]
[demo.templatesjungle.com/uniclub/cart.html]
[demo.templatesjungle.com/uniclub/wishlist.html]
[demo.templatesjungle.com/uniclub/checkout.html]
[demo.templatesjungle.com/uniclub/images/blog1.jpg]
[demo.templatesjungle.com/uniclub/images/blog5.jpg]
[demo.templatesjungle.com/uniclub/images/blog2.jpg]
[demo.templatesjungle.com/uniclub/images/blog3.jpg]
[demo.templatesjungle.com/uniclub/images/blog4.jpg]
[demo.templatesjungle.com/uniclub/images/blog6.jpg]
[demo.templatesjungle.com/uniclub/blog.html]
[demo.templatesjungle.com/uniclub/images/blog-large.jpg]
[demo.templatesjungle.com/uniclub/images/reviewer-3.jpg]
[demo.templatesjungle.com/uniclub/single-post.html]
[demo.templatesjungle.com/uniclub/contact.html]
[demo.templatesjungle.com/uniclub/faqs.html]
[demo.templatesjungle.com/uniclub/account.html]
[demo.templatesjungle.com/uniclub/thank-you.html]
[demo.templatesjungle.com/uniclub/error.html]
[demo.templatesjungle.com/uniclub/styles.html]
[demo.templatesjungle.com/uniclub/icomoon/fonts/icomooncfce.svg]
[demo.templatesjungle.com/uniclub/images/post-thumb-2.html]
